running clean
running install
running bdist_egg
running egg_info
writing tt_time_tracker.egg-info\PKG-INFO
writing dependency_links to tt_time_tracker.egg-info\dependency_links.txt
writing entry points to tt_time_tracker.egg-info\entry_points.txt
writing requirements to tt_time_tracker.egg-info\requires.txt
writing top-level names to tt_time_tracker.egg-info\top_level.txt
reading manifest file 'tt_time_tracker.egg-info\SOURCES.txt'
writing manifest file 'tt_time_tracker.egg-info\SOURCES.txt'
installing library code to build\bdist.win-amd64\egg
running install_lib
running build_py
creating build\bdist.win-amd64\egg
creating build\bdist.win-amd64\egg\tests
creating build\bdist.win-amd64\egg\tests\dataaccess
copying build\lib\tests\dataaccess\test_dataaccess.py -> build\bdist.win-amd64\egg\tests\dataaccess
copying build\lib\tests\dataaccess\__init__.py -> build\bdist.win-amd64\egg\tests\dataaccess
creating build\bdist.win-amd64\egg\tests\dateutils
copying build\lib\tests\dateutils\test_dateutils.py -> build\bdist.win-amd64\egg\tests\dateutils
copying build\lib\tests\dateutils\__init__.py -> build\bdist.win-amd64\egg\tests\dateutils
creating build\bdist.win-amd64\egg\tests\timeline
copying build\lib\tests\timeline\test_parser.py -> build\bdist.win-amd64\egg\tests\timeline
copying build\lib\tests\timeline\__init__.py -> build\bdist.win-amd64\egg\tests\timeline
copying build\lib\tests\__init__.py -> build\bdist.win-amd64\egg\tests
creating build\bdist.win-amd64\egg\tt
creating build\bdist.win-amd64\egg\tt\actions
creating build\bdist.win-amd64\egg\tt\actions\read
copying build\lib\tt\actions\read\calview.py -> build\bdist.win-amd64\egg\tt\actions\read
copying build\lib\tt\actions\read\csv.py -> build\bdist.win-amd64\egg\tt\actions\read
copying build\lib\tt\actions\read\list.py -> build\bdist.win-amd64\egg\tt\actions\read
copying build\lib\tt\actions\read\log.py -> build\bdist.win-amd64\egg\tt\actions\read
copying build\lib\tt\actions\read\report.py -> build\bdist.win-amd64\egg\tt\actions\read
copying build\lib\tt\actions\read\status.py -> build\bdist.win-amd64\egg\tt\actions\read
copying build\lib\tt\actions\read\__init__.py -> build\bdist.win-amd64\egg\tt\actions\read
creating build\bdist.win-amd64\egg\tt\actions\utils
copying build\lib\tt\actions\utils\help.py -> build\bdist.win-amd64\egg\tt\actions\utils
copying build\lib\tt\actions\utils\reportingutils.py -> build\bdist.win-amd64\egg\tt\actions\utils
copying build\lib\tt\actions\utils\utils.py -> build\bdist.win-amd64\egg\tt\actions\utils
copying build\lib\tt\actions\utils\__init__.py -> build\bdist.win-amd64\egg\tt\actions\utils
creating build\bdist.win-amd64\egg\tt\actions\write
copying build\lib\tt\actions\write\edit.py -> build\bdist.win-amd64\egg\tt\actions\write
copying build\lib\tt\actions\write\note.py -> build\bdist.win-amd64\egg\tt\actions\write
copying build\lib\tt\actions\write\start.py -> build\bdist.win-amd64\egg\tt\actions\write
copying build\lib\tt\actions\write\stop.py -> build\bdist.win-amd64\egg\tt\actions\write
copying build\lib\tt\actions\write\tag.py -> build\bdist.win-amd64\egg\tt\actions\write
copying build\lib\tt\actions\write\__init__.py -> build\bdist.win-amd64\egg\tt\actions\write
copying build\lib\tt\actions\__init__.py -> build\bdist.win-amd64\egg\tt\actions
creating build\bdist.win-amd64\egg\tt\colors
copying build\lib\tt\colors\colors.py -> build\bdist.win-amd64\egg\tt\colors
copying build\lib\tt\colors\__init__.py -> build\bdist.win-amd64\egg\tt\colors
creating build\bdist.win-amd64\egg\tt\dataaccess
copying build\lib\tt\dataaccess\utils.py -> build\bdist.win-amd64\egg\tt\dataaccess
copying build\lib\tt\dataaccess\__init__.py -> build\bdist.win-amd64\egg\tt\dataaccess
creating build\bdist.win-amd64\egg\tt\datasources
copying build\lib\tt\datasources\jsondatasource.py -> build\bdist.win-amd64\egg\tt\datasources
copying build\lib\tt\datasources\__init__.py -> build\bdist.win-amd64\egg\tt\datasources
creating build\bdist.win-amd64\egg\tt\dateutils
copying build\lib\tt\dateutils\dateutils.py -> build\bdist.win-amd64\egg\tt\dateutils
copying build\lib\tt\dateutils\__init__.py -> build\bdist.win-amd64\egg\tt\dateutils
creating build\bdist.win-amd64\egg\tt\exceptz
copying build\lib\tt\exceptz\BadArguments.py -> build\bdist.win-amd64\egg\tt\exceptz
copying build\lib\tt\exceptz\exceptz.py -> build\bdist.win-amd64\egg\tt\exceptz
copying build\lib\tt\exceptz\TIError.py -> build\bdist.win-amd64\egg\tt\exceptz
copying build\lib\tt\exceptz\__init__.py -> build\bdist.win-amd64\egg\tt\exceptz
copying build\lib\tt\tt.py -> build\bdist.win-amd64\egg\tt
copying build\lib\tt\__init__.py -> build\bdist.win-amd64\egg\tt
byte-compiling build\bdist.win-amd64\egg\tests\dataaccess\test_dataaccess.py to test_dataaccess.cpython-39.pyc
byte-compiling build\bdist.win-amd64\egg\tests\dataaccess\__init__.py to __init__.cpython-39.pyc
byte-compiling build\bdist.win-amd64\egg\tests\dateutils\test_dateutils.py to test_dateutils.cpython-39.pyc
byte-compiling build\bdist.win-amd64\egg\tests\dateutils\__init__.py to __init__.cpython-39.pyc
byte-compiling build\bdist.win-amd64\egg\tests\timeline\test_parser.py to test_parser.cpython-39.pyc
byte-compiling build\bdist.win-amd64\egg\tests\timeline\__init__.py to __init__.cpython-39.pyc
byte-compiling build\bdist.win-amd64\egg\tests\__init__.py to __init__.cpython-39.pyc
byte-compiling build\bdist.win-amd64\egg\tt\actions\read\calview.py to calview.cpython-39.pyc
byte-compiling build\bdist.win-amd64\egg\tt\actions\read\csv.py to csv.cpython-39.pyc
byte-compiling build\bdist.win-amd64\egg\tt\actions\read\list.py to list.cpython-39.pyc
byte-compiling build\bdist.win-amd64\egg\tt\actions\read\log.py to log.cpython-39.pyc
byte-compiling build\bdist.win-amd64\egg\tt\actions\read\report.py to report.cpython-39.pyc
byte-compiling build\bdist.win-amd64\egg\tt\actions\read\status.py to status.cpython-39.pyc
byte-compiling build\bdist.win-amd64\egg\tt\actions\read\__init__.py to __init__.cpython-39.pyc
byte-compiling build\bdist.win-amd64\egg\tt\actions\utils\help.py to help.cpython-39.pyc
byte-compiling build\bdist.win-amd64\egg\tt\actions\utils\reportingutils.py to reportingutils.cpython-39.pyc
byte-compiling build\bdist.win-amd64\egg\tt\actions\utils\utils.py to utils.cpython-39.pyc
byte-compiling build\bdist.win-amd64\egg\tt\actions\utils\__init__.py to __init__.cpython-39.pyc
byte-compiling build\bdist.win-amd64\egg\tt\actions\write\edit.py to edit.cpython-39.pyc
byte-compiling build\bdist.win-amd64\egg\tt\actions\write\note.py to note.cpython-39.pyc
byte-compiling build\bdist.win-amd64\egg\tt\actions\write\start.py to start.cpython-39.pyc
byte-compiling build\bdist.win-amd64\egg\tt\actions\write\stop.py to stop.cpython-39.pyc
byte-compiling build\bdist.win-amd64\egg\tt\actions\write\tag.py to tag.cpython-39.pyc
byte-compiling build\bdist.win-amd64\egg\tt\actions\write\__init__.py to __init__.cpython-39.pyc
byte-compiling build\bdist.win-amd64\egg\tt\actions\__init__.py to __init__.cpython-39.pyc
byte-compiling build\bdist.win-amd64\egg\tt\colors\colors.py to colors.cpython-39.pyc
byte-compiling build\bdist.win-amd64\egg\tt\colors\__init__.py to __init__.cpython-39.pyc
byte-compiling build\bdist.win-amd64\egg\tt\dataaccess\utils.py to utils.cpython-39.pyc
byte-compiling build\bdist.win-amd64\egg\tt\dataaccess\__init__.py to __init__.cpython-39.pyc
byte-compiling build\bdist.win-amd64\egg\tt\datasources\jsondatasource.py to jsondatasource.cpython-39.pyc
byte-compiling build\bdist.win-amd64\egg\tt\datasources\__init__.py to __init__.cpython-39.pyc
byte-compiling build\bdist.win-amd64\egg\tt\dateutils\dateutils.py to dateutils.cpython-39.pyc
byte-compiling build\bdist.win-amd64\egg\tt\dateutils\__init__.py to __init__.cpython-39.pyc
byte-compiling build\bdist.win-amd64\egg\tt\exceptz\BadArguments.py to BadArguments.cpython-39.pyc
python :   File "build\bdist.win-amd64\egg\tt\exceptz\BadArguments.py", line 1
In Zeile:1 Zeichen:1
+ python setup.py clean install >install.log 2>&1
+ ~~~~~~~~~~~~~~~~~~~~~~~~~~~~~~~~~~~~~~~~~~~~~~~
    + CategoryInfo          : NotSpecified: (  File "build\b...nts.py", line 1:String) [], RemoteException
    + FullyQualifiedErrorId : NativeCommandError
 
    import .TIError
           ^
SyntaxError: invalid syntax

byte-compiling build\bdist.win-amd64\egg\tt\exceptz\exceptz.py to exceptz.cpython-39.pyc
byte-compiling build\bdist.win-amd64\egg\tt\exceptz\TIError.py to TIError.cpython-39.pyc
byte-compiling build\bdist.win-amd64\egg\tt\exceptz\__init__.py to __init__.cpython-39.pyc
byte-compiling build\bdist.win-amd64\egg\tt\tt.py to tt.cpython-39.pyc
  File "build\bdist.win-amd64\egg\tt\tt.py", line 1
    ../tt-dev.py
    ^
SyntaxError: invalid syntax

byte-compiling build\bdist.win-amd64\egg\tt\__init__.py to __init__.cpython-39.pyc
creating build\bdist.win-amd64\egg\EGG-INFO
copying tt_time_tracker.egg-info\PKG-INFO -> build\bdist.win-amd64\egg\EGG-INFO
copying tt_time_tracker.egg-info\SOURCES.txt -> build\bdist.win-amd64\egg\EGG-INFO
copying tt_time_tracker.egg-info\dependency_links.txt -> build\bdist.win-amd64\egg\EGG-INFO
copying tt_time_tracker.egg-info\entry_points.txt -> build\bdist.win-amd64\egg\EGG-INFO
copying tt_time_tracker.egg-info\requires.txt -> build\bdist.win-amd64\egg\EGG-INFO
copying tt_time_tracker.egg-info\top_level.txt -> build\bdist.win-amd64\egg\EGG-INFO
zip_safe flag not set; analyzing archive contents...
creating 'dist\tt_time_tracker-1.0.4-py3.9.egg' and adding 'build\bdist.win-amd64\egg' to it
removing 'build\bdist.win-amd64\egg' (and everything under it)
Processing tt_time_tracker-1.0.4-py3.9.egg
Removing c:\python3\lib\site-packages\tt_time_tracker-1.0.4-py3.9.egg
Copying tt_time_tracker-1.0.4-py3.9.egg to c:\python3\lib\site-packages
tt-time-tracker 1.0.4 is already the active version in easy-install.pth
Installing tt-script.py script to C:\python3\Scripts
Installing tt.exe script to C:\python3\Scripts

Installed c:\python3\lib\site-packages\tt_time_tracker-1.0.4-py3.9.egg
Processing dependencies for tt-time-tracker==1.0.4
Searching for lark-parser==0.12.0
Best match: lark-parser 0.12.0
Adding lark-parser 0.12.0 to easy-install.pth file

Using c:\python3\lib\site-packages
Searching for mock==4.0.3
Best match: mock 4.0.3
Adding mock 4.0.3 to easy-install.pth file

Using c:\python3\lib\site-packages
Searching for pytz==2021.3
Best match: pytz 2021.3
Adding pytz 2021.3 to easy-install.pth file

Using c:\python3\lib\site-packages
Searching for tzlocal==2.1
Best match: tzlocal 2.1
Adding tzlocal 2.1 to easy-install.pth file

Using c:\python3\lib\site-packages
Searching for PyYAML==5.3.1
Best match: PyYAML 5.3.1
Adding PyYAML 5.3.1 to easy-install.pth file

Using c:\python3\lib\site-packages
Searching for colorama==0.4.4
Best match: colorama 0.4.4
Adding colorama 0.4.4 to easy-install.pth file

Using c:\python3\lib\site-packages
Finished processing dependencies for tt-time-tracker==1.0.4
